# JRE version: Java(TM) SE Runtime Environment (8.0-b132) (build 1.8.0-b132)
# Java VM: Java HotSpot(TM) 64-Bit Server VM (25.0-b70 mixed mode linux-amd64 compressed oops)
Heap:
 PSYoungGen      total 49152K, used 41233K [0x00000000eab00000, 0x00000000ee380000, 0x0000000100000000)
  eden space 40960K, 90% used [0x00000000eab00000,0x00000000ecf25b80,0x00000000ed300000)
  from space 8192K, 51% used [0x00000000ed300000,0x00000000ed71e9e0,0x00000000edb00000)
  to   space 7680K, 0% used [0x00000000edc00000,0x00000000edc00000,0x00000000ee380000)
 ParOldGen       total 44544K, used 33874K [0x00000000c0000000, 0x00000000c2b80000, 0x00000000eab00000)
  object space 44544K, 76% used [0x00000000c0000000,0x00000000c2114b20,0x00000000c2b80000)
 Metaspace       used 39299K, capacity 40568K, committed 40960K, reserved 1085440K
  class space    used 5402K, capacity 5786K, committed 5888K, reserved 1048576K
GC Heap History (10 events):
Event: 39.996 GC heap before
{Heap before GC invocations=35 (full 3):
 PSYoungGen      total 47104K, used 41529K [0x00000000eab00000, 0x00000000ee000000, 0x0000000100000000)
  eden space 40448K, 100% used [0x00000000eab00000,0x00000000ed280000,0x00000000ed280000)
  from space 6656K, 16% used [0x00000000ed280000,0x00000000ed38e568,0x00000000ed900000)
  to   space 6144K, 0% used [0x00000000eda00000,0x00000000eda00000,0x00000000ee000000)
 ParOldGen       total 33792K, used 25743K [0x00000000c0000000, 0x00000000c2100000, 0x00000000eab00000)
  object space 33792K, 76% used [0x00000000c0000000,0x00000000c1923cd0,0x00000000c2100000)
 Metaspace       used 31663K, capacity 32912K, committed 33024K, reserved 1077248K
  class space    used 4393K, capacity 4776K, committed 4864K, reserved 1048576K
Event: 40.018 GC heap after
Heap after GC invocations=35 (full 3):
 PSYoungGen      total 45568K, used 6112K [0x00000000eab00000, 0x00000000ee500000, 0x0000000100000000)
  eden space 39424K, 0% used [0x00000000eab00000,0x00000000eab00000,0x00000000ed180000)
  from space 6144K, 99% used [0x00000000eda00000,0x00000000edff8058,0x00000000ee000000)
  to   space 8704K, 0% used [0x00000000ed180000,0x00000000ed180000,0x00000000eda00000)
 ParOldGen       total 33792K, used 29725K [0x00000000c0000000, 0x00000000c2100000, 0x00000000eab00000)
  object space 33792K, 87% used [0x00000000c0000000,0x00000000c1d07598,0x00000000c2100000)
 Metaspace       used 31663K, capacity 32912K, committed 33024K, reserved 1077248K
  class space    used 4393K, capacity 4776K, committed 4864K, reserved 1048576K
}
Event: 40.018 GC heap before
{Heap before GC invocations=36 (full 4):
 PSYoungGen      total 45568K, used 6112K [0x00000000eab00000, 0x00000000ee500000, 0x0000000100000000)
  eden space 39424K, 0% used [0x00000000eab00000,0x00000000eab00000,0x00000000ed180000)
  from space 6144K, 99% used [0x00000000eda00000,0x00000000edff8058,0x00000000ee000000)
  to   space 8704K, 0% used [0x00000000ed180000,0x00000000ed180000,0x00000000eda00000)
 ParOldGen       total 33792K, used 29725K [0x00000000c0000000, 0x00000000c2100000, 0x00000000eab00000)
  object space 33792K, 87% used [0x00000000c0000000,0x00000000c1d07598,0x00000000c2100000)
 Metaspace       used 31663K, capacity 32912K, committed 33024K, reserved 1077248K
  class space    used 4393K, capacity 4776K, committed 4864K, reserved 1048576K
Event: 40.263 GC heap after
Heap after GC invocations=36 (full 4):
 PSYoungGen      total 45568K, used 473K [0x00000000eab00000, 0x00000000ee500000, 0x0000000100000000)
  eden space 39424K, 0% used [0x00000000eab00000,0x00000000eab00000,0x00000000ed180000)
  from space 6144K, 7% used [0x00000000eda00000,0x00000000eda76560,0x00000000ee000000)
  to   space 8704K, 0% used [0x00000000ed180000,0x00000000ed180000,0x00000000eda00000)
 ParOldGen       total 44544K, used 33366K [0x00000000c0000000, 0x00000000c2b80000, 0x00000000eab00000)
  object space 44544K, 74% used [0x00000000c0000000,0x00000000c2095ae8,0x00000000c2b80000)
 Metaspace       used 31663K, capacity 32912K, committed 33024K, reserved 1077248K
  class space    used 4393K, capacity 4776K, committed 4864K, reserved 1048576K
}
Event: 42.205 GC heap before
{Heap before GC invocations=37 (full 4):
 PSYoungGen      total 45568K, used 39897K [0x00000000eab00000, 0x00000000ee500000, 0x0000000100000000)
  eden space 39424K, 100% used [0x00000000eab00000,0x00000000ed180000,0x00000000ed180000)
  from space 6144K, 7% used [0x00000000eda00000,0x00000000eda76560,0x00000000ee000000)
  to   space 8704K, 0% used [0x00000000ed180000,0x00000000ed180000,0x00000000eda00000)
 ParOldGen       total 44544K, used 33366K [0x00000000c0000000, 0x00000000c2b80000, 0x00000000eab00000)
  object space 44544K, 74% used [0x00000000c0000000,0x00000000c2095ae8,0x00000000c2b80000)
 Metaspace       used 32263K, capacity 33620K, committed 33792K, reserved 1079296K
  class space    used 4439K, capacity 4814K, committed 4864K, reserved 1048576K
Event: 42.228 GC heap after
Heap after GC invocations=37 (full 4):
 PSYoungGen      total 48128K, used 2226K [0x00000000eab00000, 0x00000000ee300000, 0x0000000100000000)
  eden space 39424K, 0% used [0x00000000eab00000,0x00000000eab00000,0x00000000ed180000)
  from space 8704K, 25% used [0x00000000ed180000,0x00000000ed3acab0,0x00000000eda00000)
  to   space 8192K, 0% used [0x00000000edb00000,0x00000000edb00000,0x00000000ee300000)
 ParOldGen       total 44544K, used 33858K [0x00000000c0000000, 0x00000000c2b80000, 0x00000000eab00000)
  object space 44544K, 76% used [0x00000000c0000000,0x00000000c2110b20,0x00000000c2b80000)
 Metaspace       used 32263K, capacity 33620K, committed 33792K, reserved 1079296K
  class space    used 4439K, capacity 4814K, committed 4864K, reserved 1048576K
}
Event: 44.586 GC heap before
{Heap before GC invocations=38 (full 4):
 PSYoungGen      total 48128K, used 41650K [0x00000000eab00000, 0x00000000ee300000, 0x0000000100000000)
  eden space 39424K, 100% used [0x00000000eab00000,0x00000000ed180000,0x00000000ed180000)
  from space 8704K, 25% used [0x00000000ed180000,0x00000000ed3acab0,0x00000000eda00000)
  to   space 8192K, 0% used [0x00000000edb00000,0x00000000edb00000,0x00000000ee300000)
 ParOldGen       total 44544K, used 33858K [0x00000000c0000000, 0x00000000c2b80000, 0x00000000eab00000)
  object space 44544K, 76% used [0x00000000c0000000,0x00000000c2110b20,0x00000000c2b80000)
 Metaspace       used 34462K, capacity 35840K, committed 36096K, reserved 1081344K
  class space    used 4712K, capacity 5110K, committed 5120K, reserved 1048576K
Event: 44.593 GC heap after
Heap after GC invocations=38 (full 4):
 PSYoungGen      total 49152K, used 3736K [0x00000000eab00000, 0x00000000ee300000, 0x0000000100000000)
  eden space 40960K, 0% used [0x00000000eab00000,0x00000000eab00000,0x00000000ed300000)
  from space 8192K, 45% used [0x00000000edb00000,0x00000000edea6060,0x00000000ee300000)
  to   space 8192K, 0% used [0x00000000ed300000,0x00000000ed300000,0x00000000edb00000)
 ParOldGen       total 44544K, used 33866K [0x00000000c0000000, 0x00000000c2b80000, 0x00000000eab00000)
  object space 44544K, 76% used [0x00000000c0000000,0x00000000c2112b20,0x00000000c2b80000)
 Metaspace       used 34462K, capacity 35840K, committed 36096K, reserved 1081344K
  class space    used 4712K, capacity 5110K, committed 5120K, reserved 1048576K
}
Event: 46.693 GC heap before
{Heap before GC invocations=39 (full 4):
 PSYoungGen      total 49152K, used 44696K [0x00000000eab00000, 0x00000000ee300000, 0x0000000100000000)
  eden space 40960K, 100% used [0x00000000eab00000,0x00000000ed300000,0x00000000ed300000)
  from space 8192K, 45% used [0x00000000edb00000,0x00000000edea6060,0x00000000ee300000)
  to   space 8192K, 0% used [0x00000000ed300000,0x00000000ed300000,0x00000000edb00000)
 ParOldGen       total 44544K, used 33866K [0x00000000c0000000, 0x00000000c2b80000, 0x00000000eab00000)
  object space 44544K, 76% used [0x00000000c0000000,0x00000000c2112b20,0x00000000c2b80000)
 Metaspace       used 36380K, capacity 37708K, committed 37888K, reserved 1081344K
  class space    used 4981K, capacity 5368K, committed 5376K, reserved 1048576K
Event: 46.703 GC heap after
Heap after GC invocations=39 (full 4):
 PSYoungGen      total 49152K, used 4218K [0x00000000eab00000, 0x00000000ee380000, 0x0000000100000000)
  eden space 40960K, 0% used [0x00000000eab00000,0x00000000eab00000,0x00000000ed300000)
  from space 8192K, 51% used [0x00000000ed300000,0x00000000ed71e9e0,0x00000000edb00000)
  to   space 7680K, 0% used [0x00000000edc00000,0x00000000edc00000,0x00000000ee380000)
 ParOldGen       total 44544K, used 33874K [0x00000000c0000000, 0x00000000c2b80000, 0x00000000eab00000)
  object space 44544K, 76% used [0x00000000c0000000,0x00000000c2114b20,0x00000000c2b80000)
 Metaspace       used 36380K, capacity 37708K, committed 37888K, reserved 1081344K
  class space    used 4981K, capacity 5368K, committed 5376K, reserved 1048576K
}

